Mplus VERSION 8.4 (Mac)
MUTHEN & MUTHEN
04/18/2023  11:13 PM

INPUT INSTRUCTIONS

  TITLE: M1 dat1;

  DATA:
  FILE = mlsem_dat1.dat;

  VARIABLE:
  NAMES = country imprel confidence belong attend pray person year code survey RCABR
       RCASIAN RCOTHER COMMALL TAX RRI RLI ZAFRICA ZLA ZINDIC ZSINIC ZNWEST ZISLAM
       ZORT ZOLDWEST ZREFWEST ZRETWEST;
  USEVARIABLES = country imprel person confidence pray attend belong
       COMMALL;
  MISSING = .;

  BETWEEN = COMMALL;
  CLUSTER = country;
  CATEGORICAL = imprel confidence belong person;

  ANALYSIS:
  ESTIMATOR = BAYES;
  PROCESSORS = 2;
  TYPE = TWOLEVEL RANDOM;
  THIN = 10;
  FBITERATIONS = 10000;

  MODEL:
  %WITHIN%
  Rel_W BY imprel person confidence pray attend;
  Res1_W BY pray@1 attend@1;
  Res2_W BY imprel@1 confidence@1;
  Res1_W WITH Rel_W@0;
  Res2_W WITH Rel_W@0;
  Res1_W WITH Res2_W@0;

  SLOPE | belong ON Rel_W;

  %BETWEEN%
  Rel_B BY imprel person confidence pray attend belong;
  Res1_B BY pray@1 attend@1;
  Res2_B BY imprel@1 confidence@1;
  Res1_B WITH Rel_B@0;
  Res2_B WITH Rel_B@0;
  Res1_B WITH Res2_B@0;

  SLOPE ON COMMALL;
  belong ON COMMALL;

  OUTPUT:
  TECH8;

  PLOT:
  TYPE = PLOT2;

  SAVEDATA:
  BPARAMETERS = parameters.dat;



*** WARNING in VARIABLE command
  Note that only the first 8 characters of variable names are used in the output.
  Shorten variable names to avoid any confusion.
*** WARNING in PLOT command
  Note that only the first 8 characters of variable names are used in plots.
  If variable names are not unique within the first 8 characters, problems
  may occur.
   2 WARNING(S) FOUND IN THE INPUT INSTRUCTIONS



M1 dat1;

SUMMARY OF ANALYSIS

Number of groups                                                 1
Number of observations                                       77018

Number of dependent variables                                    6
Number of independent variables                                  1
Number of continuous latent variables                            7

Observed dependent variables

  Continuous
   PRAY        ATTEND

  Binary and ordered categorical (ordinal)
   IMPREL      PERSON      CONFIDEN    BELONG

Observed independent variables
   COMMALL

Continuous latent variables
   REL_W       RES1_W      RES2_W      REL_B       RES1_B      RES2_B
   SLOPE

Variables with special functions

  Cluster variable      COUNTRY

  Between variables
   COMMALL


Estimator                                                    BAYES
Specifications for Bayesian Estimation
  Point estimate                                            MEDIAN
  Number of Markov chain Monte Carlo (MCMC) chains               2
  Random seed for the first chain                                0
  Starting value information                           UNPERTURBED
  Algorithm used for Markov chain Monte Carlo           GIBBS(PX1)
  Fixed number of iterations                                 10000
  K-th iteration used for thinning                              10
Link                                                        PROBIT

Input data file(s)
  mlsem_dat1.dat
Input data format  FREE


SUMMARY OF DATA

     Number of clusters                         50

       Size (s)    Cluster ID with Size s

        250        18
        447        37
       1000        11 13 48
       1003        3 34
       1004        2
       1046        41
       1057        35
       1075        43
       1190        49
       1200        14 21 36 30 50
       1209        45
       1215        39
       1222        19
       1223        46 4
       1229        22
       1257        40
       1276        29
       1304        15
       1313        32
       1335        31
       1352        38
       1353        28
       1435        1
       1499        26
       1514        23
       1520        12
       1548        6
       1624        24
       1724        8
       1741        33
       1762        9
       1813        5
       1870        16
       2012        42
       2067        7
       2194        17
       2277        27
       2596        47
       2609        20
       3531        44
       4018        10
       4078        25



COVARIANCE COVERAGE OF DATA

Minimum covariance coverage value   0.100

     Number of missing data patterns             1


     PROPORTION OF DATA PRESENT


           Covariance Coverage
              IMPREL        PERSON        CONFIDEN      BELONG        PRAY
              ________      ________      ________      ________      ________
 IMPREL         1.000
 PERSON         1.000         1.000
 CONFIDEN       1.000         1.000         1.000
 BELONG         1.000         1.000         1.000         1.000
 PRAY           1.000         1.000         1.000         1.000         1.000
 ATTEND         1.000         1.000         1.000         1.000         1.000
 COMMALL        1.000         1.000         1.000         1.000         1.000


           Covariance Coverage
              ATTEND        COMMALL
              ________      ________
 ATTEND         1.000
 COMMALL        1.000         1.000


UNIVARIATE PROPORTIONS AND COUNTS FOR CATEGORICAL VARIABLES

    IMPREL
      Category 1    0.158        12134.000
      Category 2    0.212        16353.000
      Category 3    0.274        21133.000
      Category 4    0.356        27398.000
    PERSON
      Category 1    0.362        27891.000
      Category 2    0.638        49127.000
    CONFIDEN
      Category 1    0.144        11096.000
      Category 2    0.275        21188.000
      Category 3    0.323        24914.000
      Category 4    0.257        19820.000
    BELONG
      Category 1    0.274        21090.000
      Category 2    0.726        55928.000



UNIVARIATE SAMPLE STATISTICS


     UNIVARIATE HIGHER-ORDER MOMENT DESCRIPTIVE STATISTICS

         Variable/         Mean/     Skewness/   Minimum/ % with                Percentiles
        Sample Size      Variance    Kurtosis    Maximum  Min/Max      20%/60%    40%/80%    Median

     PRAY                  3.439      -0.478       1.000   21.16%       1.000      3.000      4.000
           77018.000       2.538      -1.395       5.000   38.77%       4.000      5.000
     ATTEND                3.567       0.105       1.000   26.90%       1.000      3.000      4.000
           77018.000       4.324      -1.398       7.000    7.92%       4.000      6.000
     COMMALL               0.340       0.676       0.000   66.00%       0.000      0.000      0.000
              50.000       0.224      -1.544       1.000   34.00%       0.000      1.000


THE MODEL ESTIMATION TERMINATED NORMALLY

     USE THE FBITERATIONS OPTION TO INCREASE THE NUMBER OF ITERATIONS BY A FACTOR
     OF AT LEAST TWO TO CHECK CONVERGENCE AND THAT THE PSR VALUE DOES NOT INCREASE.



MODEL FIT INFORMATION

Number of Free Parameters                              37



MODEL RESULTS

                                Posterior  One-Tailed         95% C.I.
                    Estimate       S.D.      P-Value   Lower 2.5%  Upper 2.5%  Significance

Within Level

 REL_W    BY
    IMPREL             1.000       0.000      0.000       1.000       1.000
    PERSON             1.304       0.018      0.000       1.269       1.340      *
    CONFIDENCE         0.681       0.007      0.000       0.668       0.695      *
    PRAY               0.809       0.008      0.000       0.794       0.824      *
    ATTEND             1.010       0.010      0.000       0.990       1.030      *

 RES1_W   BY
    PRAY               1.000       0.000      0.000       1.000       1.000
    ATTEND             1.000       0.000      0.000       1.000       1.000

 RES2_W   BY
    IMPREL             1.000       0.000      0.000       1.000       1.000
    CONFIDENCE         1.000       0.000      0.000       1.000       1.000

 RES1_W   WITH
    REL_W              0.000       0.000      1.000       0.000       0.000
    RES2_W             0.000       0.000      1.000       0.000       0.000

 RES2_W   WITH
    REL_W              0.000       0.000      1.000       0.000       0.000

 Variances
    REL_W              1.425       0.023      0.000       1.379       1.470      *
    RES1_W             0.298       0.008      0.000       0.283       0.313      *
    RES2_W             0.187       0.008      0.000       0.171       0.203      *

 Residual Variances
    PRAY               0.727       0.007      0.000       0.713       0.741      *
    ATTEND             1.686       0.012      0.000       1.664       1.709      *

Between Level

 REL_B    BY
    IMPREL             1.000       0.000      0.000       1.000       1.000
    PERSON             0.836       0.099      0.000       0.645       1.034      *
    CONFIDENCE         0.539       0.058      0.000       0.424       0.652      *
    PRAY               0.738       0.054      0.000       0.636       0.853      *
    ATTEND             0.773       0.083      0.000       0.616       0.944      *
    BELONG             0.971       0.151      0.000       0.679       1.268      *

 RES1_B   BY
    PRAY               1.000       0.000      0.000       1.000       1.000
    ATTEND             1.000       0.000      0.000       1.000       1.000

 RES2_B   BY
    IMPREL             1.000       0.000      0.000       1.000       1.000
    CONFIDENCE         1.000       0.000      0.000       1.000       1.000

 SLOPE      ON
    COMMALL            0.020       0.149      0.442      -0.277       0.318

 BELONG     ON
    COMMALL           -0.112       0.301      0.357      -0.700       0.485

 RES1_B   WITH
    REL_B              0.000       0.000      1.000       0.000       0.000
    RES2_B             0.000       0.000      1.000       0.000       0.000

 RES2_B   WITH
    REL_B              0.000       0.000      1.000       0.000       0.000

 Intercepts
    PRAY               3.347       0.085      0.000       3.188       3.518      *
    ATTEND             3.448       0.105      0.000       3.244       3.655      *
    SLOPE              1.113       0.087      0.000       0.947       1.290      *

 Thresholds
    IMPREL$1          -1.872       0.101      0.000      -2.088      -1.702      *
    IMPREL$2          -0.459       0.101      0.000      -0.673      -0.292      *
    IMPREL$3           0.938       0.101      0.000       0.724       1.104      *
    PERSON$1          -0.611       0.122      0.000      -0.854      -0.374      *
    CONFIDEN$1        -1.534       0.076      0.000      -1.676      -1.377      *
    CONFIDEN$2        -0.205       0.076      0.004      -0.344      -0.046      *
    CONFIDEN$3         1.136       0.076      0.000       0.996       1.296      *
    BELONG$1          -1.156       0.199      0.000      -1.550      -0.767      *

 Variances
    REL_B              1.028       0.240      0.000       0.673       1.604      *
    RES1_B             0.054       0.027      0.000       0.009       0.115      *
    RES2_B             0.047       0.032      0.000       0.004       0.127      *

 Residual Variances
    IMPREL             0.011       0.014      0.000       0.000       0.051      *
    PERSON             0.366       0.091      0.000       0.236       0.593      *
    CONFIDENCE         0.123       0.032      0.000       0.076       0.202      *
    BELONG             0.921       0.228      0.000       0.600       1.495      *
    PRAY               0.022       0.019      0.000       0.001       0.071      *
    ATTEND             0.193       0.048      0.000       0.122       0.311      *
    SLOPE              0.227       0.060      0.000       0.143       0.374      *


TECHNICAL 1 OUTPUT


     PARAMETER SPECIFICATION FOR WITHIN


           TAU
              IMPREL$1      IMPREL$2      IMPREL$3      PERSON$1      CONFIDEN
              ________      ________      ________      ________      ________
                    0             0             0             0             0


           TAU
              CONFIDEN      CONFIDEN      BELONG$1
              ________      ________      ________
                    0             0             0


           NU
              IMPREL        PERSON        CONFIDEN      BELONG        PRAY
              ________      ________      ________      ________      ________
                    0             0             0             0             0


           NU
              ATTEND
              ________
                    0


           LAMBDA
              REL_W         RES1_W        RES2_W        BELONG
              ________      ________      ________      ________
 IMPREL             0             0             0             0
 PERSON             1             0             0             0
 CONFIDEN           2             0             0             0
 BELONG             0             0             0             0
 PRAY               3             0             0             0
 ATTEND             4             0             0             0


           THETA
              IMPREL        PERSON        CONFIDEN      BELONG        PRAY
              ________      ________      ________      ________      ________
 IMPREL             0
 PERSON             0             0
 CONFIDEN           0             0             0
 BELONG             0             0             0             0
 PRAY               0             0             0             0             5
 ATTEND             0             0             0             0             0


           THETA
              ATTEND
              ________
 ATTEND             6


           ALPHA
              REL_W         RES1_W        RES2_W        BELONG
              ________      ________      ________      ________
                    0             0             0             0


           BETA
              REL_W         RES1_W        RES2_W        BELONG
              ________      ________      ________      ________
 REL_W              0             0             0             0
 RES1_W             0             0             0             0
 RES2_W             0             0             0             0
 BELONG             0             0             0             0


           PSI
              REL_W         RES1_W        RES2_W        BELONG
              ________      ________      ________      ________
 REL_W              7
 RES1_W             0             8
 RES2_W             0             0             9
 BELONG             0             0             0             0


     PARAMETER SPECIFICATION FOR BETWEEN


           TAU
              IMPREL$1      IMPREL$2      IMPREL$3      PERSON$1      CONFIDEN
              ________      ________      ________      ________      ________
                   30            31            32            33            34


           TAU
              CONFIDEN      CONFIDEN      BELONG$1
              ________      ________      ________
                   35            36            37


           NU
              IMPREL        PERSON        CONFIDEN      BELONG        PRAY
              ________      ________      ________      ________      ________
                    0             0             0             0            10


           NU
              ATTEND        COMMALL
              ________      ________
                   11             0


           LAMBDA
              REL_B         RES1_B        RES2_B        SLOPE         BELONG
              ________      ________      ________      ________      ________
 IMPREL             0             0             0             0             0
 PERSON            12             0             0             0             0
 CONFIDEN          13             0             0             0             0
 BELONG             0             0             0             0             0
 PRAY              14             0             0             0             0
 ATTEND            15             0             0             0             0
 COMMALL            0             0             0             0             0


           LAMBDA
              COMMALL
              ________
 IMPREL             0
 PERSON             0
 CONFIDEN           0
 BELONG             0
 PRAY               0
 ATTEND             0
 COMMALL            0


           THETA
              IMPREL        PERSON        CONFIDEN      BELONG        PRAY
              ________      ________      ________      ________      ________
 IMPREL            16
 PERSON             0            17
 CONFIDEN           0             0            18
 BELONG             0             0             0             0
 PRAY               0             0             0             0            19
 ATTEND             0             0             0             0             0
 COMMALL            0             0             0             0             0


           THETA
              ATTEND        COMMALL
              ________      ________
 ATTEND            20
 COMMALL            0             0


           ALPHA
              REL_B         RES1_B        RES2_B        SLOPE         BELONG
              ________      ________      ________      ________      ________
                    0             0             0            21             0


           ALPHA
              COMMALL
              ________
                    0


           BETA
              REL_B         RES1_B        RES2_B        SLOPE         BELONG
              ________      ________      ________      ________      ________
 REL_B              0             0             0             0             0
 RES1_B             0             0             0             0             0
 RES2_B             0             0             0             0             0
 SLOPE              0             0             0             0             0
 BELONG            23             0             0             0             0
 COMMALL            0             0             0             0             0


           BETA
              COMMALL
              ________
 REL_B              0
 RES1_B             0
 RES2_B             0
 SLOPE             22
 BELONG            24
 COMMALL            0


           PSI
              REL_B         RES1_B        RES2_B        SLOPE         BELONG
              ________      ________      ________      ________      ________
 REL_B             25
 RES1_B             0            26
 RES2_B             0             0            27
 SLOPE              0             0             0            28
 BELONG             0             0             0             0            29
 COMMALL            0             0             0             0             0


           PSI
              COMMALL
              ________
 COMMALL            0


     STARTING VALUES FOR WITHIN


           TAU
              IMPREL$1      IMPREL$2      IMPREL$3      PERSON$1      CONFIDEN
              ________      ________      ________      ________      ________
                0.000         0.000         0.000         0.000         0.000


           TAU
              CONFIDEN      CONFIDEN      BELONG$1
              ________      ________      ________
                0.000         0.000         0.000


           NU
              IMPREL        PERSON        CONFIDEN      BELONG        PRAY
              ________      ________      ________      ________      ________
                0.000         0.000         0.000         0.000         0.000


           NU
              ATTEND
              ________
                0.000


           LAMBDA
              REL_W         RES1_W        RES2_W        BELONG
              ________      ________      ________      ________
 IMPREL         1.000         0.000         1.000         0.000
 PERSON         1.000         0.000         0.000         0.000
 CONFIDEN       1.000         0.000         1.000         0.000
 BELONG         0.000         0.000         0.000         1.000
 PRAY           1.000         1.000         0.000         0.000
 ATTEND         1.000         1.000         0.000         0.000


           THETA
              IMPREL        PERSON        CONFIDEN      BELONG        PRAY
              ________      ________      ________      ________      ________
 IMPREL         1.000
 PERSON         0.000         1.000
 CONFIDEN       0.000         0.000         1.000
 BELONG         0.000         0.000         0.000         0.000
 PRAY           0.000         0.000         0.000         0.000         1.269
 ATTEND         0.000         0.000         0.000         0.000         0.000


           THETA
              ATTEND
              ________
 ATTEND         2.162


           ALPHA
              REL_W         RES1_W        RES2_W        BELONG
              ________      ________      ________      ________
                0.000         0.000         0.000         0.000


           BETA
              REL_W         RES1_W        RES2_W        BELONG
              ________      ________      ________      ________
 REL_W          0.000         0.000         0.000         0.000
 RES1_W         0.000         0.000         0.000         0.000
 RES2_W         0.000         0.000         0.000         0.000
 BELONG         0.000         0.000         0.000         0.000


           PSI
              REL_W         RES1_W        RES2_W        BELONG
              ________      ________      ________      ________
 REL_W          1.000
 RES1_W         0.000         1.000
 RES2_W         0.000         0.000         1.000
 BELONG         0.000         0.000         0.000         1.000


     STARTING VALUES FOR BETWEEN


           TAU
              IMPREL$1      IMPREL$2      IMPREL$3      PERSON$1      CONFIDEN
              ________      ________      ________      ________      ________
               -0.931        -0.296         0.330        -0.315        -0.990


           TAU
              CONFIDEN      CONFIDEN      BELONG$1
              ________      ________      ________
               -0.181         0.589        -0.542


           NU
              IMPREL        PERSON        CONFIDEN      BELONG        PRAY
              ________      ________      ________      ________      ________
                0.000         0.000         0.000         0.000         3.439


           NU
              ATTEND        COMMALL
              ________      ________
                3.567         0.000


           LAMBDA
              REL_B         RES1_B        RES2_B        SLOPE         BELONG
              ________      ________      ________      ________      ________
 IMPREL         1.000         0.000         1.000         0.000         0.000
 PERSON         1.000         0.000         0.000         0.000         0.000
 CONFIDEN       1.000         0.000         1.000         0.000         0.000
 BELONG         0.000         0.000         0.000         0.000         1.000
 PRAY           1.000         1.000         0.000         0.000         0.000
 ATTEND         1.000         1.000         0.000         0.000         0.000
 COMMALL        0.000         0.000         0.000         0.000         0.000


           LAMBDA
              COMMALL
              ________
 IMPREL         0.000
 PERSON         0.000
 CONFIDEN       0.000
 BELONG         0.000
 PRAY           0.000
 ATTEND         0.000
 COMMALL        1.000


           THETA
              IMPREL        PERSON        CONFIDEN      BELONG        PRAY
              ________      ________      ________      ________      ________
 IMPREL         1.000
 PERSON         0.000         1.000
 CONFIDEN       0.000         0.000         1.000
 BELONG         0.000         0.000         0.000         0.000
 PRAY           0.000         0.000         0.000         0.000         1.269
 ATTEND         0.000         0.000         0.000         0.000         0.000
 COMMALL        0.000         0.000         0.000         0.000         0.000


           THETA
              ATTEND        COMMALL
              ________      ________
 ATTEND         2.162
 COMMALL        0.000         0.000


           ALPHA
              REL_B         RES1_B        RES2_B        SLOPE         BELONG
              ________      ________      ________      ________      ________
                0.000         0.000         0.000         0.000         0.000


           ALPHA
              COMMALL
              ________
                0.000


           BETA
              REL_B         RES1_B        RES2_B        SLOPE         BELONG
              ________      ________      ________      ________      ________
 REL_B          0.000         0.000         0.000         0.000         0.000
 RES1_B         0.000         0.000         0.000         0.000         0.000
 RES2_B         0.000         0.000         0.000         0.000         0.000
 SLOPE          0.000         0.000         0.000         0.000         0.000
 BELONG         1.000         0.000         0.000         0.000         0.000
 COMMALL        0.000         0.000         0.000         0.000         0.000


           BETA
              COMMALL
              ________
 REL_B          0.000
 RES1_B         0.000
 RES2_B         0.000
 SLOPE          0.000
 BELONG         0.000
 COMMALL        0.000


           PSI
              REL_B         RES1_B        RES2_B        SLOPE         BELONG
              ________      ________      ________      ________      ________
 REL_B          1.000
 RES1_B         0.000         1.000
 RES2_B         0.000         0.000         1.000
 SLOPE          0.000         0.000         0.000         1.000
 BELONG         0.000         0.000         0.000         0.000         1.000
 COMMALL        0.000         0.000         0.000         0.000         0.000


           PSI
              COMMALL
              ________
 COMMALL        0.102



     PRIORS FOR ALL PARAMETERS            PRIOR MEAN      PRIOR VARIANCE     PRIOR STD. DEV.

     Parameter 1~N(0.000,5.000)              0.0000              5.0000              2.2361
     Parameter 2~N(0.000,5.000)              0.0000              5.0000              2.2361
     Parameter 3~N(0.000,infinity)           0.0000            infinity            infinity
     Parameter 4~N(0.000,infinity)           0.0000            infinity            infinity
     Parameter 5~IG(-1.000,0.000)          infinity            infinity            infinity
     Parameter 6~IG(-1.000,0.000)          infinity            infinity            infinity
     Parameter 7~IG(-1.000,0.000)          infinity            infinity            infinity
     Parameter 8~IG(-1.000,0.000)          infinity            infinity            infinity
     Parameter 9~IG(-1.000,0.000)          infinity            infinity            infinity
     Parameter 10~N(0.000,infinity)          0.0000            infinity            infinity
     Parameter 11~N(0.000,infinity)          0.0000            infinity            infinity
     Parameter 12~N(0.000,5.000)             0.0000              5.0000              2.2361
     Parameter 13~N(0.000,5.000)             0.0000              5.0000              2.2361
     Parameter 14~N(0.000,infinity)          0.0000            infinity            infinity
     Parameter 15~N(0.000,infinity)          0.0000            infinity            infinity
     Parameter 16~IG(-1.000,0.000)         infinity            infinity            infinity
     Parameter 17~IG(-1.000,0.000)         infinity            infinity            infinity
     Parameter 18~IG(-1.000,0.000)         infinity            infinity            infinity
     Parameter 19~IG(-1.000,0.000)         infinity            infinity            infinity
     Parameter 20~IG(-1.000,0.000)         infinity            infinity            infinity
     Parameter 21~N(0.000,infinity)          0.0000            infinity            infinity
     Parameter 22~N(0.000,infinity)          0.0000            infinity            infinity
     Parameter 23~N(0.000,5.000)             0.0000              5.0000              2.2361
     Parameter 24~N(0.000,5.000)             0.0000              5.0000              2.2361
     Parameter 25~IG(-1.000,0.000)         infinity            infinity            infinity
     Parameter 26~IG(-1.000,0.000)         infinity            infinity            infinity
     Parameter 27~IG(-1.000,0.000)         infinity            infinity            infinity
     Parameter 28~IG(-1.000,0.000)         infinity            infinity            infinity
     Parameter 29~IG(-1.000,0.000)         infinity            infinity            infinity
     Parameter 30~N(0.000,5.000)             0.0000              5.0000              2.2361
     Parameter 31~N(0.000,5.000)             0.0000              5.0000              2.2361
     Parameter 32~N(0.000,5.000)             0.0000              5.0000              2.2361
     Parameter 33~N(0.000,5.000)             0.0000              5.0000              2.2361
     Parameter 34~N(0.000,5.000)             0.0000              5.0000              2.2361
     Parameter 35~N(0.000,5.000)             0.0000              5.0000              2.2361
     Parameter 36~N(0.000,5.000)             0.0000              5.0000              2.2361
     Parameter 37~N(0.000,5.000)             0.0000              5.0000              2.2361


TECHNICAL 8 OUTPUT


   TECHNICAL 8 OUTPUT FOR BAYES ESTIMATION

     CHAIN    BSEED
     1        0
     2        285380

                     POTENTIAL       PARAMETER WITH
     ITERATION    SCALE REDUCTION      HIGHEST PSR
     100             13.278               34
     200              6.412               36
     300              2.431               35
     400              2.397               35
     500              2.829               35
     600              1.629               36
     700              1.853               35
     800              1.980               35
     900              1.980               35
     1000             1.878               36
     1100             1.660               35
     1200             1.695               35
     1300             1.852               35
     1400             2.031               35
     1500             2.444               31
     1600             2.809               32
     1700             3.096               32
     1800             2.813               32
     1900             2.611               32
     2000             2.204               31
     2100             2.108               32
     2200             2.036               32
     2300             2.041               32
     2400             1.879               32
     2500             1.803               31
     2600             1.542               31
     2700             1.410               36
     2800             1.375               36
     2900             1.359               36
     3000             1.401               36
     3100             1.460               36
     3200             1.481               36
     3300             1.448               35
     3400             1.404               35
     3500             1.322               32
     3600             1.263               32
     3700             1.218               32
     3800             1.145               32
     3900             1.082               36
     4000             1.040               36
     4100             1.025               9
     4200             1.023               9
     4300             1.023               9
     4400             1.041               30
     4500             1.083               30
     4600             1.126               30
     4700             1.172               34
     4800             1.232               34
     4900             1.301               34
     5000             1.357               34
     5100             1.400               34
     5200             1.447               34
     5300             1.481               34
     5400             1.534               34
     5500             1.560               34
     5600             1.586               35
     5700             1.648               34
     5800             1.684               34
     5900             1.732               35
     6000             1.831               35
     6100             1.909               35
     6200             1.931               30
     6300             2.059               30
     6400             2.146               30
     6500             2.202               30
     6600             2.190               30
     6700             2.125               31
     6800             2.072               30
     6900             2.074               30
     7000             2.087               30
     7100             2.090               30
     7200             2.065               30
     7300             2.052               30
     7400             1.977               30
     7500             1.931               30
     7600             1.886               30
     7700             1.813               30
     7800             1.713               30
     7900             1.592               30
     8000             1.549               30
     8100             1.517               30
     8200             1.497               30
     8300             1.493               30
     8400             1.495               30
     8500             1.502               30
     8600             1.509               30
     8700             1.520               30
     8800             1.527               30
     8900             1.523               30
     9000             1.501               30
     9100             1.481               30
     9200             1.472               30
     9300             1.470               30
     9400             1.471               30
     9500             1.477               30
     9600             1.487               30
     9700             1.498               30
     9800             1.498               30
     9900             1.469               30
     10000            1.426               30


PLOT INFORMATION

The following plots are available:

  Sample proportions
  Bayesian posterior parameter distributions
  Bayesian posterior parameter trace plots
  Bayesian autocorrelation plots
  Bayesian prior parameter distributions

SAVEDATA INFORMATION


  Bayesian Parameters

  Save file
    parameters.dat
  Save format      Free

  Order of parameters saved

    Chain number
    Iteration number
    Parameter 1, %WITHIN%: REL_W BY PERSON
    Parameter 2, %WITHIN%: REL_W BY CONFIDENCE
    Parameter 3, %WITHIN%: REL_W BY PRAY
    Parameter 4, %WITHIN%: REL_W BY ATTEND
    Parameter 5, %WITHIN%: PRAY
    Parameter 6, %WITHIN%: ATTEND
    Parameter 7, %WITHIN%: REL_W
    Parameter 8, %WITHIN%: RES1_W
    Parameter 9, %WITHIN%: RES2_W
    Parameter 10, %BETWEEN%: [ PRAY ]
    Parameter 11, %BETWEEN%: [ ATTEND ]
    Parameter 12, %BETWEEN%: REL_B BY PERSON
    Parameter 13, %BETWEEN%: REL_B BY CONFIDENCE
    Parameter 14, %BETWEEN%: REL_B BY PRAY
    Parameter 15, %BETWEEN%: REL_B BY ATTEND
    Parameter 16, %BETWEEN%: IMPREL
    Parameter 17, %BETWEEN%: PERSON
    Parameter 18, %BETWEEN%: CONFIDENCE
    Parameter 19, %BETWEEN%: PRAY
    Parameter 20, %BETWEEN%: ATTEND
    Parameter 21, %BETWEEN%: [ SLOPE ]
    Parameter 22, %BETWEEN%: SLOPE ON COMMALL
    Parameter 23, %BETWEEN%: BELONG ON REL_B
    Parameter 24, %BETWEEN%: BELONG ON COMMALL
    Parameter 25, %BETWEEN%: REL_B
    Parameter 26, %BETWEEN%: RES1_B
    Parameter 27, %BETWEEN%: RES2_B
    Parameter 28, %BETWEEN%: SLOPE
    Parameter 29, %BETWEEN%: BELONG
    Parameter 30, %BETWEEN%: [ IMPREL$1 ]
    Parameter 31, %BETWEEN%: [ IMPREL$2 ]
    Parameter 32, %BETWEEN%: [ IMPREL$3 ]
    Parameter 33, %BETWEEN%: [ PERSON$1 ]
    Parameter 34, %BETWEEN%: [ CONFIDENCE$1 ]
    Parameter 35, %BETWEEN%: [ CONFIDENCE$2 ]
    Parameter 36, %BETWEEN%: [ CONFIDENCE$3 ]
    Parameter 37, %BETWEEN%: [ BELONG$1 ]

     Beginning Time:  23:13:38
        Ending Time:  02:41:13
       Elapsed Time:  03:27:35



MUTHEN & MUTHEN
3463 Stoner Ave.
Los Angeles, CA  90066

Tel: (310) 391-9971
Fax: (310) 391-8971
Web: www.StatModel.com
Support: Support@StatModel.com

Copyright (c) 1998-2019 Muthen & Muthen
