Mplus VERSION 8.4 (Mac)
MUTHEN & MUTHEN
05/02/2023   4:05 PM

INPUT INSTRUCTIONS

  TITLE: MLR dat1;

  DATA:
  FILE = "../../../mlsem_dat1.dat";

  VARIABLE:
  NAMES = country imprel confidence belong attend pray person year code survey RCABR
       RCASIAN RCOTHER COMMALL TAX RRI RLI ZAFRICA ZLA ZINDIC ZSINIC ZNWEST ZISLAM
       ZORT ZOLDWEST ZREFWEST ZRETWEST;
  USEVARIABLES = country imprel person confidence pray attend belong;
  MISSING = .;

  CLUSTER = country;
  CATEGORICAL = imprel person confidence belong;

  ANALYSIS:
  ESTIMATOR = MLR;
  TYPE = TWOLEVEL;
  LINK = PROBIT;

  MODEL:
  %WITHIN%
  Rel_W BY imprel person confidence pray attend belong;

  %BETWEEN%
  Rel_B BY imprel person confidence pray attend belong;
  imprel@0;
  person@0;
  confidence@0;
  pray@0;
  attend@0;
  belong@0;

  OUTPUT:
  SVALUES;



*** WARNING in VARIABLE command
  Note that only the first 8 characters of variable names are used in the output.
  Shorten variable names to avoid any confusion.
   1 WARNING(S) FOUND IN THE INPUT INSTRUCTIONS



MLR dat1;

SUMMARY OF ANALYSIS

Number of groups                                                 1
Number of observations                                       77018

Number of dependent variables                                    6
Number of independent variables                                  0
Number of continuous latent variables                            2

Observed dependent variables

  Continuous
   PRAY        ATTEND

  Binary and ordered categorical (ordinal)
   IMPREL      PERSON      CONFIDEN    BELONG

Continuous latent variables
   REL_W       REL_B

Variables with special functions

  Cluster variable      COUNTRY

Estimator                                                      MLR
Information matrix                                        OBSERVED
Optimization Specifications for the Quasi-Newton Algorithm for
Continuous Outcomes
  Maximum number of iterations                                 100
  Convergence criterion                                  0.100D-05
Optimization Specifications for the EM Algorithm
  Maximum number of iterations                                 500
  Convergence criteria
    Loglikelihood change                                 0.100D-02
    Relative loglikelihood change                        0.100D-05
    Derivative                                           0.100D-02
Optimization Specifications for the M step of the EM Algorithm for
Categorical Latent variables
  Number of M step iterations                                    1
  M step convergence criterion                           0.100D-02
  Basis for M step termination                           ITERATION
Optimization Specifications for the M step of the EM Algorithm for
Censored, Binary or Ordered Categorical (Ordinal), Unordered
Categorical (Nominal) and Count Outcomes
  Number of M step iterations                                    1
  M step convergence criterion                           0.100D-02
  Basis for M step termination                           ITERATION
  Maximum value for logit thresholds                            10
  Minimum value for logit thresholds                           -10
  Minimum expected cell size for chi-square              0.100D-01
Maximum number of iterations for H1                           2000
Convergence criterion for H1                             0.100D-03
Optimization algorithm                                         EMA
Integration Specifications
  Type                                                    STANDARD
  Number of integration points                                  15
  Dimensions of numerical integration                            2
  Adaptive quadrature                                           ON
Link                                                        PROBIT
Cholesky                                                        ON

Input data file(s)
  ../../../mlsem_dat1.dat
Input data format  FREE


SUMMARY OF DATA

     Number of missing data patterns             1
     Number of y missing data patterns           1
     Number of u missing data patterns           1
     Number of clusters                         50



COVARIANCE COVERAGE OF DATA

Minimum covariance coverage value   0.100


     PROPORTION OF DATA PRESENT FOR Y


           Covariance Coverage
              PRAY          ATTEND
              ________      ________
 PRAY           1.000
 ATTEND         1.000         1.000


UNIVARIATE PROPORTIONS AND COUNTS FOR CATEGORICAL VARIABLES

    IMPREL
      Category 1    0.158        12132.000
      Category 2    0.212        16350.000
      Category 3    0.274        21136.000
      Category 4    0.356        27400.000
    PERSON
      Category 1    0.362        27893.000
      Category 2    0.638        49125.000
    CONFIDEN
      Category 1    0.144        11093.000
      Category 2    0.275        21195.000
      Category 3    0.323        24910.000
      Category 4    0.257        19820.000
    BELONG
      Category 1    0.274        21094.000
      Category 2    0.726        55924.000



UNIVARIATE SAMPLE STATISTICS


     UNIVARIATE HIGHER-ORDER MOMENT DESCRIPTIVE STATISTICS

         Variable/         Mean/     Skewness/   Minimum/ % with                Percentiles
        Sample Size      Variance    Kurtosis    Maximum  Min/Max      20%/60%    40%/80%    Median

     PRAY                  3.440      -0.479       1.000   21.14%       1.000      3.000      4.000
           77018.000       2.539      -1.394       5.000   38.83%       4.000      5.000
     ATTEND                3.568       0.106       1.000   26.90%       1.000      3.000      4.000
           77018.000       4.325      -1.399       7.000    7.94%       4.000      6.000

     WARNING: THE MODEL ESTIMATION HAS REACHED A SADDLE POINT OR A POINT WHERE THE
     OBSERVED AND THE EXPECTED INFORMATION MATRICES DO NOT MATCH.
     AN ADJUSTMENT TO THE ESTIMATION OF THE INFORMATION MATRIX HAS BEEN MADE.
     THE CONDITION NUMBER IS      -0.894D-01.
     THE PROBLEM MAY ALSO BE RESOLVED BY TURNING OFF THE CHOLESKY OPTION OR
     BY DECREASING THE VALUE OF THE MCONVERGENCE OPTION OR BY CHANGING THE STARTING VALUES
     OR BY INCREASING THE NUMBER OF INTEGRATION POINTS OR BY USING THE MLF ESTIMATOR.


THE MODEL ESTIMATION TERMINATED NORMALLY



MODEL FIT INFORMATION

Number of Free Parameters                       24

Loglikelihood

          H0 Value                     -513704.123
          H0 Scaling Correction Factor    100.1066
            for MLR

Information Criteria

          Akaike (AIC)                 1027456.247
          Bayesian (BIC)               1027678.290
          Sample-Size Adjusted BIC     1027602.017
            (n* = (n + 2) / 24)



MODEL RESULTS

                                                    Two-Tailed
                    Estimate       S.E.  Est./S.E.    P-Value

Within Level

 REL_W    BY
    IMPREL             1.000      0.000    999.000    999.000
    PERSON             1.146      0.068     16.737      0.000
    CONFIDENCE         0.652      0.044     14.968      0.000
    PRAY               0.929      0.039     24.086      0.000
    ATTEND             1.175      0.066     17.835      0.000
    BELONG             0.860      0.081     10.648      0.000

 Variances
    REL_W              1.203      0.148      8.148      0.000

 Residual Variances
    PRAY               0.992      0.046     21.699      0.000
    ATTEND             1.957      0.114     17.142      0.000

Between Level

 REL_B    BY
    IMPREL             1.000      0.000    999.000    999.000
    PERSON             0.806      0.100      8.029      0.000
    CONFIDENCE         0.564      0.096      5.904      0.000
    PRAY               0.787      0.047     16.766      0.000
    ATTEND             0.930      0.062     14.940      0.000
    BELONG             0.809      0.121      6.691      0.000

 Intercepts
    PRAY               3.520      0.055     64.412      0.000
    ATTEND             3.662      0.093     39.175      0.000

 Thresholds
    IMPREL$1          -1.937      0.053    -36.541      0.000
    IMPREL$2          -0.637      0.066     -9.716      0.000
    IMPREL$3           0.635      0.082      7.716      0.000
    PERSON$1          -0.669      0.084     -7.993      0.000
    CONFIDEN$1        -1.489      0.084    -17.644      0.000
    CONFIDEN$2        -0.325      0.080     -4.067      0.000
    CONFIDEN$3         0.834      0.107      7.776      0.000
    BELONG$1          -1.021      0.113     -9.077      0.000

 Variances
    REL_B              0.847      0.190      4.468      0.000

 Residual Variances
    IMPREL             0.000      0.000    999.000    999.000
    PERSON             0.000      0.000    999.000    999.000
    CONFIDENCE         0.000      0.000    999.000    999.000
    BELONG             0.000      0.000    999.000    999.000
    PRAY               0.000      0.000    999.000    999.000
    ATTEND             0.000      0.000    999.000    999.000


RESULTS IN PROBABILITY SCALE

                    Estimate

Within Level


Between Level

 IMPREL
    Category 1         0.134
    Category 2         0.224
    Category 3         0.284
    Category 4         0.358
 PERSON
    Category 1         0.353
    Category 2         0.647
 CONFIDEN
    Category 1         0.132
    Category 2         0.272
    Category 3         0.330
    Category 4         0.266
 BELONG
    Category 1         0.257
    Category 2         0.743


QUALITY OF NUMERICAL RESULTS

     Condition Number for the Information Matrix             -0.894E-01
       (ratio of smallest to largest eigenvalue)


MODEL COMMAND WITH FINAL ESTIMATES USED AS STARTING VALUES

     %WITHIN%

     rel_w BY imprel@1;
     rel_w BY person*1.14641;
     rel_w BY confidence*0.65208;
     rel_w BY pray*0.92912;
     rel_w BY attend*1.17468;
     rel_w BY belong*0.85993;

     pray*0.99161;
     attend*1.95684;
     rel_w*1.20331;

     %BETWEEN%

     rel_b BY imprel@1;
     rel_b BY person*0.80606;
     rel_b BY confidence*0.56394;
     rel_b BY pray*0.78741;
     rel_b BY attend*0.93005;
     rel_b BY belong*0.80936;

     [ pray*3.52041 ];
     [ attend*3.66242 ];

     [ imprel$1*-1.93741 ];
     [ imprel$2*-0.63673 ];
     [ imprel$3*0.63546 ];
     [ person$1*-0.66873 ];
     [ confidence$1*-1.48853 ];
     [ confidence$2*-0.32472 ];
     [ confidence$3*0.83421 ];
     [ belong$1*-1.02143 ];

     imprel@0;
     person@0;
     confidence@0;
     belong@0;
     pray@0;
     attend@0;
     rel_b*0.84732;



     Beginning Time:  16:05:30
        Ending Time:  16:24:05
       Elapsed Time:  00:18:35



MUTHEN & MUTHEN
3463 Stoner Ave.
Los Angeles, CA  90066

Tel: (310) 391-9971
Fax: (310) 391-8971
Web: www.StatModel.com
Support: Support@StatModel.com

Copyright (c) 1998-2019 Muthen & Muthen
