Mplus VERSION 8.4 (Mac)
MUTHEN & MUTHEN
05/02/2023   5:11 PM

INPUT INSTRUCTIONS

  TITLE: MLR dat5;

  DATA:
  FILE = "../../../mlsem_dat5.dat";

  VARIABLE:
  NAMES = country imprel confidence belong attend pray person year code survey RCABR
       RCASIAN RCOTHER COMMALL TAX RRI RLI ZAFRICA ZLA ZINDIC ZSINIC ZNWEST ZISLAM
       ZORT ZOLDWEST ZREFWEST ZRETWEST;
  USEVARIABLES = country imprel person confidence pray attend belong;
  MISSING = .;

  CLUSTER = country;
  CATEGORICAL = imprel person confidence belong;

  ANALYSIS:
  ESTIMATOR = MLR;
  TYPE = TWOLEVEL;
  LINK = PROBIT;

  MODEL:
  %WITHIN%
  Rel_W BY imprel person confidence pray attend belong;

  %BETWEEN%
  Rel_B BY imprel person confidence pray attend belong;
  imprel@0;
  person@0;
  confidence@0;
  pray@0;
  attend@0;
  belong@0;

  OUTPUT:
  SVALUES;



*** WARNING in VARIABLE command
  Note that only the first 8 characters of variable names are used in the output.
  Shorten variable names to avoid any confusion.
   1 WARNING(S) FOUND IN THE INPUT INSTRUCTIONS



MLR dat5;

SUMMARY OF ANALYSIS

Number of groups                                                 1
Number of observations                                       77018

Number of dependent variables                                    6
Number of independent variables                                  0
Number of continuous latent variables                            2

Observed dependent variables

  Continuous
   PRAY        ATTEND

  Binary and ordered categorical (ordinal)
   IMPREL      PERSON      CONFIDEN    BELONG

Continuous latent variables
   REL_W       REL_B

Variables with special functions

  Cluster variable      COUNTRY

Estimator                                                      MLR
Information matrix                                        OBSERVED
Optimization Specifications for the Quasi-Newton Algorithm for
Continuous Outcomes
  Maximum number of iterations                                 100
  Convergence criterion                                  0.100D-05
Optimization Specifications for the EM Algorithm
  Maximum number of iterations                                 500
  Convergence criteria
    Loglikelihood change                                 0.100D-02
    Relative loglikelihood change                        0.100D-05
    Derivative                                           0.100D-02
Optimization Specifications for the M step of the EM Algorithm for
Categorical Latent variables
  Number of M step iterations                                    1
  M step convergence criterion                           0.100D-02
  Basis for M step termination                           ITERATION
Optimization Specifications for the M step of the EM Algorithm for
Censored, Binary or Ordered Categorical (Ordinal), Unordered
Categorical (Nominal) and Count Outcomes
  Number of M step iterations                                    1
  M step convergence criterion                           0.100D-02
  Basis for M step termination                           ITERATION
  Maximum value for logit thresholds                            10
  Minimum value for logit thresholds                           -10
  Minimum expected cell size for chi-square              0.100D-01
Maximum number of iterations for H1                           2000
Convergence criterion for H1                             0.100D-03
Optimization algorithm                                         EMA
Integration Specifications
  Type                                                    STANDARD
  Number of integration points                                  15
  Dimensions of numerical integration                            2
  Adaptive quadrature                                           ON
Link                                                        PROBIT
Cholesky                                                        ON

Input data file(s)
  ../../../mlsem_dat5.dat
Input data format  FREE


SUMMARY OF DATA

     Number of missing data patterns             1
     Number of y missing data patterns           1
     Number of u missing data patterns           1
     Number of clusters                         50



COVARIANCE COVERAGE OF DATA

Minimum covariance coverage value   0.100


     PROPORTION OF DATA PRESENT FOR Y


           Covariance Coverage
              PRAY          ATTEND
              ________      ________
 PRAY           1.000
 ATTEND         1.000         1.000


UNIVARIATE PROPORTIONS AND COUNTS FOR CATEGORICAL VARIABLES

    IMPREL
      Category 1    0.158        12137.000
      Category 2    0.212        16341.000
      Category 3    0.275        21149.000
      Category 4    0.356        27391.000
    PERSON
      Category 1    0.362        27907.000
      Category 2    0.638        49111.000
    CONFIDEN
      Category 1    0.144        11113.000
      Category 2    0.275        21184.000
      Category 3    0.323        24913.000
      Category 4    0.257        19808.000
    BELONG
      Category 1    0.274        21077.000
      Category 2    0.726        55941.000



UNIVARIATE SAMPLE STATISTICS


     UNIVARIATE HIGHER-ORDER MOMENT DESCRIPTIVE STATISTICS

         Variable/         Mean/     Skewness/   Minimum/ % with                Percentiles
        Sample Size      Variance    Kurtosis    Maximum  Min/Max      20%/60%    40%/80%    Median

     PRAY                  3.440      -0.479       1.000   21.16%       1.000      3.000      4.000
           77018.000       2.540      -1.395       5.000   38.83%       4.000      5.000
     ATTEND                3.567       0.107       1.000   26.91%       1.000      3.000      4.000
           77018.000       4.325      -1.398       7.000    7.94%       4.000      6.000


THE MODEL ESTIMATION TERMINATED NORMALLY



MODEL FIT INFORMATION

Number of Free Parameters                       24

Loglikelihood

          H0 Value                     -513709.729
          H0 Scaling Correction Factor     94.1977
            for MLR

Information Criteria

          Akaike (AIC)                 1027467.457
          Bayesian (BIC)               1027689.500
          Sample-Size Adjusted BIC     1027613.227
            (n* = (n + 2) / 24)



MODEL RESULTS

                                                    Two-Tailed
                    Estimate       S.E.  Est./S.E.    P-Value

Within Level

 REL_W    BY
    IMPREL             1.000      0.000    999.000    999.000
    PERSON             1.159      0.063     18.265      0.000
    CONFIDENCE         0.658      0.041     16.228      0.000
    PRAY               0.939      0.045     20.650      0.000
    ATTEND             1.189      0.086     13.866      0.000
    BELONG             0.869      0.082     10.558      0.000

 Variances
    REL_W              1.179      0.179      6.584      0.000

 Residual Variances
    PRAY               0.989      0.046     21.494      0.000
    ATTEND             1.954      0.115     17.005      0.000

Between Level

 REL_B    BY
    IMPREL             1.000      0.000    999.000    999.000
    PERSON             0.805      0.077     10.511      0.000
    CONFIDENCE         0.576      0.082      7.036      0.000
    PRAY               0.803      0.045     17.865      0.000
    ATTEND             0.943      0.071     13.224      0.000
    BELONG             0.832      0.107      7.797      0.000

 Intercepts
    PRAY               3.513      0.043     82.228      0.000
    ATTEND             3.652      0.068     54.101      0.000

 Thresholds
    IMPREL$1          -1.910      0.067    -28.441      0.000
    IMPREL$2          -0.621      0.038    -16.552      0.000
    IMPREL$3           0.641      0.054     11.762      0.000
    PERSON$1          -0.657      0.076     -8.686      0.000
    CONFIDEN$1        -1.482      0.077    -19.298      0.000
    CONFIDEN$2        -0.319      0.065     -4.938      0.000
    CONFIDEN$3         0.840      0.088      9.599      0.000
    BELONG$1          -1.017      0.108     -9.409      0.000

 Variances
    REL_B              0.800      0.117      6.825      0.000

 Residual Variances
    IMPREL             0.000      0.000    999.000    999.000
    PERSON             0.000      0.000    999.000    999.000
    CONFIDENCE         0.000      0.000    999.000    999.000
    BELONG             0.000      0.000    999.000    999.000
    PRAY               0.000      0.000    999.000    999.000
    ATTEND             0.000      0.000    999.000    999.000


RESULTS IN PROBABILITY SCALE

                    Estimate

Within Level


Between Level

 IMPREL
    Category 1         0.134
    Category 2         0.225
    Category 3         0.285
    Category 4         0.355
 PERSON
    Category 1         0.354
    Category 2         0.646
 CONFIDEN
    Category 1         0.133
    Category 2         0.272
    Category 3         0.330
    Category 4         0.264
 BELONG
    Category 1         0.258
    Category 2         0.742


QUALITY OF NUMERICAL RESULTS

     Condition Number for the Information Matrix              0.764E-06
       (ratio of smallest to largest eigenvalue)


MODEL COMMAND WITH FINAL ESTIMATES USED AS STARTING VALUES

     %WITHIN%

     rel_w BY imprel@1;
     rel_w BY person*1.15875;
     rel_w BY confidence*0.65766;
     rel_w BY pray*0.93881;
     rel_w BY attend*1.18864;
     rel_w BY belong*0.86910;

     pray*0.98928;
     attend*1.95383;
     rel_w*1.17938;

     %BETWEEN%

     rel_b BY imprel@1;
     rel_b BY person*0.80457;
     rel_b BY confidence*0.57561;
     rel_b BY pray*0.80332;
     rel_b BY attend*0.94345;
     rel_b BY belong*0.83237;

     [ pray*3.51272 ];
     [ attend*3.65213 ];

     [ imprel$1*-1.91035 ];
     [ imprel$2*-0.62099 ];
     [ imprel$3*0.64082 ];
     [ person$1*-0.65749 ];
     [ confidence$1*-1.48202 ];
     [ confidence$2*-0.31884 ];
     [ confidence$3*0.84029 ];
     [ belong$1*-1.01750 ];

     imprel@0;
     person@0;
     confidence@0;
     belong@0;
     pray@0;
     attend@0;
     rel_b*0.80002;



     Beginning Time:  17:11:41
        Ending Time:  18:31:13
       Elapsed Time:  01:19:32



MUTHEN & MUTHEN
3463 Stoner Ave.
Los Angeles, CA  90066

Tel: (310) 391-9971
Fax: (310) 391-8971
Web: www.StatModel.com
Support: Support@StatModel.com

Copyright (c) 1998-2019 Muthen & Muthen
