Mplus VERSION 8.4 (Mac)
MUTHEN & MUTHEN
05/04/2023  11:13 AM

INPUT INSTRUCTIONS

  TITLE: MLR dat2;

  DATA:
  FILE = "../../../mlsem_dat2.dat";

  VARIABLE:
  NAMES = country imprel confidence belong attend pray person year code survey RCABR
       RCASIAN RCOTHER COMMALL TAX RRI RLI ZAFRICA ZLA ZINDIC ZSINIC ZNWEST ZISLAM
       ZORT ZOLDWEST ZREFWEST ZRETWEST;
  USEVARIABLES = country imprel person confidence pray attend belong;
  MISSING = .;

  CLUSTER = country;
  CATEGORICAL = imprel person confidence belong;

  ANALYSIS:
  ESTIMATOR = MLR;
  TYPE = TWOLEVEL;
  LINK = PROBIT;

  MODEL:
       %WITHIN%

       rel_w BY imprel@1;
       rel_w BY person*1.13887;
       rel_w BY confidence*0.65008;
       rel_w BY pray*0.92709;
       rel_w BY attend*1.17102;
       rel_w BY belong*0.85716;

       pray*0.99108;
       attend*1.95689;
       rel_w*1.21008;

       %BETWEEN%

       rel_b BY imprel@1;
       rel_b BY person*0.80217;
       rel_b BY confidence*0.56300;
       rel_b BY pray*0.78494;
       rel_b BY attend*0.92670;
       rel_b BY belong*0.80564;

       [ pray*3.52074 ];
       [ attend*3.66240 ];

       [ imprel$1*-1.94052 ];
       [ imprel$2*-0.63910 ];
       [ imprel$3*0.63625 ];
       [ person$1*-0.66751 ];
       [ confidence$1*-1.48790 ];
       [ confidence$2*-0.32610 ];
       [ confidence$3*0.83415 ];
       [ belong$1*-1.02318 ];

       imprel@0;
       person@0;
       confidence@0;
       belong@0;
       pray@0;
       attend@0;
       rel_b*0.85730;

  OUTPUT:
  SVALUES;



*** WARNING in VARIABLE command
  Note that only the first 8 characters of variable names are used in the output.
  Shorten variable names to avoid any confusion.
   1 WARNING(S) FOUND IN THE INPUT INSTRUCTIONS



MLR dat2;

SUMMARY OF ANALYSIS

Number of groups                                                 1
Number of observations                                       77018

Number of dependent variables                                    6
Number of independent variables                                  0
Number of continuous latent variables                            2

Observed dependent variables

  Continuous
   PRAY        ATTEND

  Binary and ordered categorical (ordinal)
   IMPREL      PERSON      CONFIDEN    BELONG

Continuous latent variables
   REL_W       REL_B

Variables with special functions

  Cluster variable      COUNTRY

Estimator                                                      MLR
Information matrix                                        OBSERVED
Optimization Specifications for the Quasi-Newton Algorithm for
Continuous Outcomes
  Maximum number of iterations                                 100
  Convergence criterion                                  0.100D-05
Optimization Specifications for the EM Algorithm
  Maximum number of iterations                                 500
  Convergence criteria
    Loglikelihood change                                 0.100D-02
    Relative loglikelihood change                        0.100D-05
    Derivative                                           0.100D-02
Optimization Specifications for the M step of the EM Algorithm for
Categorical Latent variables
  Number of M step iterations                                    1
  M step convergence criterion                           0.100D-02
  Basis for M step termination                           ITERATION
Optimization Specifications for the M step of the EM Algorithm for
Censored, Binary or Ordered Categorical (Ordinal), Unordered
Categorical (Nominal) and Count Outcomes
  Number of M step iterations                                    1
  M step convergence criterion                           0.100D-02
  Basis for M step termination                           ITERATION
  Maximum value for logit thresholds                            10
  Minimum value for logit thresholds                           -10
  Minimum expected cell size for chi-square              0.100D-01
Maximum number of iterations for H1                           2000
Convergence criterion for H1                             0.100D-03
Optimization algorithm                                         EMA
Integration Specifications
  Type                                                    STANDARD
  Number of integration points                                  15
  Dimensions of numerical integration                            2
  Adaptive quadrature                                           ON
Link                                                        PROBIT
Cholesky                                                        ON

Input data file(s)
  ../../../mlsem_dat2.dat
Input data format  FREE


SUMMARY OF DATA

     Number of missing data patterns             1
     Number of y missing data patterns           1
     Number of u missing data patterns           1
     Number of clusters                         50



COVARIANCE COVERAGE OF DATA

Minimum covariance coverage value   0.100


     PROPORTION OF DATA PRESENT FOR Y


           Covariance Coverage
              PRAY          ATTEND
              ________      ________
 PRAY           1.000
 ATTEND         1.000         1.000


UNIVARIATE PROPORTIONS AND COUNTS FOR CATEGORICAL VARIABLES

    IMPREL
      Category 1    0.158        12146.000
      Category 2    0.212        16333.000
      Category 3    0.275        21148.000
      Category 4    0.356        27391.000
    PERSON
      Category 1    0.362        27900.000
      Category 2    0.638        49118.000
    CONFIDEN
      Category 1    0.144        11114.000
      Category 2    0.275        21158.000
      Category 3    0.324        24932.000
      Category 4    0.257        19814.000
    BELONG
      Category 1    0.274        21066.000
      Category 2    0.726        55952.000



UNIVARIATE SAMPLE STATISTICS


     UNIVARIATE HIGHER-ORDER MOMENT DESCRIPTIVE STATISTICS

         Variable/         Mean/     Skewness/   Minimum/ % with                Percentiles
        Sample Size      Variance    Kurtosis    Maximum  Min/Max      20%/60%    40%/80%    Median

     PRAY                  3.440      -0.478       1.000   21.16%       1.000      3.000      4.000
           77018.000       2.540      -1.395       5.000   38.83%       4.000      5.000
     ATTEND                3.567       0.106       1.000   26.90%       1.000      3.000      4.000
           77018.000       4.324      -1.399       7.000    7.91%       4.000      6.000


THE MODEL ESTIMATION TERMINATED NORMALLY



MODEL FIT INFORMATION

Number of Free Parameters                       24

Loglikelihood

          H0 Value                     -513249.947
          H0 Scaling Correction Factor    114.8726
            for MLR

Information Criteria

          Akaike (AIC)                 1026547.894
          Bayesian (BIC)               1026769.937
          Sample-Size Adjusted BIC     1026693.665
            (n* = (n + 2) / 24)



MODEL RESULTS

                                                    Two-Tailed
                    Estimate       S.E.  Est./S.E.    P-Value

Within Level

 REL_W    BY
    IMPREL             1.000      0.000    999.000    999.000
    PERSON             1.163      0.084     13.854      0.000
    CONFIDENCE         0.653      0.045     14.612      0.000
    PRAY               0.947      0.066     14.303      0.000
    ATTEND             1.205      0.109     11.062      0.000
    BELONG             0.879      0.095      9.231      0.000

 Variances
    REL_W              1.145      0.204      5.607      0.000

 Residual Variances
    PRAY               0.987      0.044     22.342      0.000
    ATTEND             1.948      0.107     18.235      0.000

Between Level

 REL_B    BY
    IMPREL             1.000      0.000    999.000    999.000
    PERSON             0.813      0.089      9.162      0.000
    CONFIDENCE         0.586      0.119      4.948      0.000
    PRAY               0.799      0.080      9.960      0.000
    ATTEND             0.930      0.128      7.290      0.000
    BELONG             0.808      0.165      4.894      0.000

 Intercepts
    PRAY               3.380      0.107     31.690      0.000
    ATTEND             3.497      0.130     26.807      0.000

 Thresholds
    IMPREL$1          -1.743      0.105    -16.598      0.000
    IMPREL$2          -0.457      0.126     -3.630      0.000
    IMPREL$3           0.806      0.149      5.414      0.000
    PERSON$1          -0.524      0.120     -4.372      0.000
    CONFIDEN$1        -1.385      0.076    -18.295      0.000
    CONFIDEN$2        -0.225      0.085     -2.634      0.008
    CONFIDEN$3         0.936      0.117      7.994      0.000
    BELONG$1          -0.880      0.135     -6.508      0.000

 Variances
    REL_B              0.786      0.118      6.661      0.000

 Residual Variances
    IMPREL             0.000      0.000    999.000    999.000
    PERSON             0.000      0.000    999.000    999.000
    CONFIDENCE         0.000      0.000    999.000    999.000
    BELONG             0.000      0.000    999.000    999.000
    PRAY               0.000      0.000    999.000    999.000
    ATTEND             0.000      0.000    999.000    999.000


RESULTS IN PROBABILITY SCALE

                    Estimate

Within Level


Between Level

 IMPREL
    Category 1         0.154
    Category 2         0.240
    Category 3         0.286
    Category 4         0.319
 PERSON
    Category 1         0.382
    Category 2         0.618
 CONFIDEN
    Category 1         0.148
    Category 2         0.285
    Category 3         0.327
    Category 4         0.240
 BELONG
    Category 1         0.285
    Category 2         0.715


QUALITY OF NUMERICAL RESULTS

     Condition Number for the Information Matrix              0.326E-07
       (ratio of smallest to largest eigenvalue)


MODEL COMMAND WITH FINAL ESTIMATES USED AS STARTING VALUES

     %WITHIN%

     rel_w BY imprel@1;
     rel_w BY person*1.16300;
     rel_w BY confidence*0.65259;
     rel_w BY pray*0.94678;
     rel_w BY attend*1.20525;
     rel_w BY belong*0.87934;

     pray*0.98727;
     attend*1.94821;
     rel_w*1.14481;

     %BETWEEN%

     rel_b BY imprel@1;
     rel_b BY person*0.81289;
     rel_b BY confidence*0.58637;
     rel_b BY pray*0.79917;
     rel_b BY attend*0.93000;
     rel_b BY belong*0.80816;

     [ pray*3.37980 ];
     [ attend*3.49698 ];

     [ imprel$1*-1.74332 ];
     [ imprel$2*-0.45716 ];
     [ imprel$3*0.80598 ];
     [ person$1*-0.52361 ];
     [ confidence$1*-1.38471 ];
     [ confidence$2*-0.22477 ];
     [ confidence$3*0.93566 ];
     [ belong$1*-0.87962 ];

     imprel@0;
     person@0;
     confidence@0;
     belong@0;
     pray@0;
     attend@0;
     rel_b*0.78559;



     Beginning Time:  11:13:22
        Ending Time:  11:32:04
       Elapsed Time:  00:18:42



MUTHEN & MUTHEN
3463 Stoner Ave.
Los Angeles, CA  90066

Tel: (310) 391-9971
Fax: (310) 391-8971
Web: www.StatModel.com
Support: Support@StatModel.com

Copyright (c) 1998-2019 Muthen & Muthen
