Mplus VERSION 8.4 (Mac)
MUTHEN & MUTHEN
05/02/2023   4:58 PM

INPUT INSTRUCTIONS

  TITLE: MLR dat4;

  DATA:
  FILE = "../../../mlsem_dat4.dat";

  VARIABLE:
  NAMES = country imprel confidence belong attend pray person year code survey RCABR
       RCASIAN RCOTHER COMMALL TAX RRI RLI ZAFRICA ZLA ZINDIC ZSINIC ZNWEST ZISLAM
       ZORT ZOLDWEST ZREFWEST ZRETWEST;
  USEVARIABLES = country imprel person confidence pray attend belong;
  MISSING = .;

  CLUSTER = country;
  CATEGORICAL = imprel person confidence belong;

  ANALYSIS:
  ESTIMATOR = MLR;
  TYPE = TWOLEVEL;
  LINK = PROBIT;

  MODEL:
  %WITHIN%
  Rel_W BY imprel person confidence pray attend belong;

  %BETWEEN%
  Rel_B BY imprel person confidence pray attend belong;
  imprel@0;
  person@0;
  confidence@0;
  pray@0;
  attend@0;
  belong@0;

  OUTPUT:
  SVALUES;



*** WARNING in VARIABLE command
  Note that only the first 8 characters of variable names are used in the output.
  Shorten variable names to avoid any confusion.
   1 WARNING(S) FOUND IN THE INPUT INSTRUCTIONS



MLR dat4;

SUMMARY OF ANALYSIS

Number of groups                                                 1
Number of observations                                       77018

Number of dependent variables                                    6
Number of independent variables                                  0
Number of continuous latent variables                            2

Observed dependent variables

  Continuous
   PRAY        ATTEND

  Binary and ordered categorical (ordinal)
   IMPREL      PERSON      CONFIDEN    BELONG

Continuous latent variables
   REL_W       REL_B

Variables with special functions

  Cluster variable      COUNTRY

Estimator                                                      MLR
Information matrix                                        OBSERVED
Optimization Specifications for the Quasi-Newton Algorithm for
Continuous Outcomes
  Maximum number of iterations                                 100
  Convergence criterion                                  0.100D-05
Optimization Specifications for the EM Algorithm
  Maximum number of iterations                                 500
  Convergence criteria
    Loglikelihood change                                 0.100D-02
    Relative loglikelihood change                        0.100D-05
    Derivative                                           0.100D-02
Optimization Specifications for the M step of the EM Algorithm for
Categorical Latent variables
  Number of M step iterations                                    1
  M step convergence criterion                           0.100D-02
  Basis for M step termination                           ITERATION
Optimization Specifications for the M step of the EM Algorithm for
Censored, Binary or Ordered Categorical (Ordinal), Unordered
Categorical (Nominal) and Count Outcomes
  Number of M step iterations                                    1
  M step convergence criterion                           0.100D-02
  Basis for M step termination                           ITERATION
  Maximum value for logit thresholds                            10
  Minimum value for logit thresholds                           -10
  Minimum expected cell size for chi-square              0.100D-01
Maximum number of iterations for H1                           2000
Convergence criterion for H1                             0.100D-03
Optimization algorithm                                         EMA
Integration Specifications
  Type                                                    STANDARD
  Number of integration points                                  15
  Dimensions of numerical integration                            2
  Adaptive quadrature                                           ON
Link                                                        PROBIT
Cholesky                                                        ON

Input data file(s)
  ../../../mlsem_dat4.dat
Input data format  FREE


SUMMARY OF DATA

     Number of missing data patterns             1
     Number of y missing data patterns           1
     Number of u missing data patterns           1
     Number of clusters                         50



COVARIANCE COVERAGE OF DATA

Minimum covariance coverage value   0.100


     PROPORTION OF DATA PRESENT FOR Y


           Covariance Coverage
              PRAY          ATTEND
              ________      ________
 PRAY           1.000
 ATTEND         1.000         1.000


UNIVARIATE PROPORTIONS AND COUNTS FOR CATEGORICAL VARIABLES

    IMPREL
      Category 1    0.158        12150.000
      Category 2    0.212        16334.000
      Category 3    0.274        21141.000
      Category 4    0.356        27393.000
    PERSON
      Category 1    0.362        27863.000
      Category 2    0.638        49155.000
    CONFIDEN
      Category 1    0.144        11107.000
      Category 2    0.275        21180.000
      Category 3    0.324        24931.000
      Category 4    0.257        19800.000
    BELONG
      Category 1    0.273        21055.000
      Category 2    0.727        55963.000



UNIVARIATE SAMPLE STATISTICS


     UNIVARIATE HIGHER-ORDER MOMENT DESCRIPTIVE STATISTICS

         Variable/         Mean/     Skewness/   Minimum/ % with                Percentiles
        Sample Size      Variance    Kurtosis    Maximum  Min/Max      20%/60%    40%/80%    Median

     PRAY                  3.438      -0.477       1.000   21.19%       1.000      3.000      4.000
           77018.000       2.541      -1.397       5.000   38.80%       4.000      5.000
     ATTEND                3.567       0.106       1.000   26.92%       1.000      3.000      4.000
           77018.000       4.327      -1.399       7.000    7.93%       4.000      6.000

     WARNING: THE MODEL ESTIMATION HAS REACHED A SADDLE POINT OR A POINT WHERE THE
     OBSERVED AND THE EXPECTED INFORMATION MATRICES DO NOT MATCH.
     AN ADJUSTMENT TO THE ESTIMATION OF THE INFORMATION MATRIX HAS BEEN MADE.
     THE CONDITION NUMBER IS      -0.870D-01.
     THE PROBLEM MAY ALSO BE RESOLVED BY TURNING OFF THE CHOLESKY OPTION OR
     BY DECREASING THE VALUE OF THE MCONVERGENCE OPTION OR BY CHANGING THE STARTING VALUES
     OR BY INCREASING THE NUMBER OF INTEGRATION POINTS OR BY USING THE MLF ESTIMATOR.


THE MODEL ESTIMATION TERMINATED NORMALLY



MODEL FIT INFORMATION

Number of Free Parameters                       24

Loglikelihood

          H0 Value                     -513736.038
          H0 Scaling Correction Factor     96.0165
            for MLR

Information Criteria

          Akaike (AIC)                 1027520.076
          Bayesian (BIC)               1027742.119
          Sample-Size Adjusted BIC     1027665.846
            (n* = (n + 2) / 24)



MODEL RESULTS

                                                    Two-Tailed
                    Estimate       S.E.  Est./S.E.    P-Value

Within Level

 REL_W    BY
    IMPREL             1.000      0.000    999.000    999.000
    PERSON             1.153      0.060     19.330      0.000
    CONFIDENCE         0.659      0.047     14.062      0.000
    PRAY               0.946      0.034     28.025      0.000
    ATTEND             1.196      0.066     17.994      0.000
    BELONG             0.874      0.071     12.369      0.000

 Variances
    REL_W              1.169      0.137      8.505      0.000

 Residual Variances
    PRAY               0.988      0.045     21.715      0.000
    ATTEND             1.950      0.115     17.016      0.000

Between Level

 REL_B    BY
    IMPREL             1.000      0.000    999.000    999.000
    PERSON             0.811      0.079     10.331      0.000
    CONFIDENCE         0.569      0.094      6.078      0.000
    PRAY               0.794      0.045     17.757      0.000
    ATTEND             0.937      0.063     14.982      0.000
    BELONG             0.820      0.112      7.337      0.000

 Intercepts
    PRAY               3.518      0.045     78.774      0.000
    ATTEND             3.660      0.081     45.156      0.000

 Thresholds
    IMPREL$1          -1.919      0.045    -42.530      0.000
    IMPREL$2          -0.632      0.044    -14.407      0.000
    IMPREL$3           0.632      0.060     10.443      0.000
    PERSON$1          -0.667      0.076     -8.759      0.000
    CONFIDEN$1        -1.485      0.079    -18.850      0.000
    CONFIDEN$2        -0.324      0.072     -4.494      0.000
    CONFIDEN$3         0.835      0.099      8.457      0.000
    BELONG$1          -1.025      0.108     -9.494      0.000

 Variances
    REL_B              0.827      0.194      4.256      0.000

 Residual Variances
    IMPREL             0.000      0.000    999.000    999.000
    PERSON             0.000      0.000    999.000    999.000
    CONFIDENCE         0.000      0.000    999.000    999.000
    BELONG             0.000      0.000    999.000    999.000
    PRAY               0.000      0.000    999.000    999.000
    ATTEND             0.000      0.000    999.000    999.000


RESULTS IN PROBABILITY SCALE

                    Estimate

Within Level


Between Level

 IMPREL
    Category 1         0.134
    Category 2         0.224
    Category 3         0.285
    Category 4         0.358
 PERSON
    Category 1         0.352
    Category 2         0.648
 CONFIDEN
    Category 1         0.133
    Category 2         0.271
    Category 3         0.331
    Category 4         0.265
 BELONG
    Category 1         0.256
    Category 2         0.744


QUALITY OF NUMERICAL RESULTS

     Condition Number for the Information Matrix             -0.870E-01
       (ratio of smallest to largest eigenvalue)


MODEL COMMAND WITH FINAL ESTIMATES USED AS STARTING VALUES

     %WITHIN%

     rel_w BY imprel@1;
     rel_w BY person*1.15269;
     rel_w BY confidence*0.65901;
     rel_w BY pray*0.94565;
     rel_w BY attend*1.19565;
     rel_w BY belong*0.87423;

     pray*0.98785;
     attend*1.94973;
     rel_w*1.16913;

     %BETWEEN%

     rel_b BY imprel@1;
     rel_b BY person*0.81118;
     rel_b BY confidence*0.56920;
     rel_b BY pray*0.79436;
     rel_b BY attend*0.93682;
     rel_b BY belong*0.81968;

     [ pray*3.51753 ];
     [ attend*3.65999 ];

     [ imprel$1*-1.91909 ];
     [ imprel$2*-0.63156 ];
     [ imprel$3*0.63174 ];
     [ person$1*-0.66720 ];
     [ confidence$1*-1.48524 ];
     [ confidence$2*-0.32404 ];
     [ confidence$3*0.83487 ];
     [ belong$1*-1.02518 ];

     imprel@0;
     person@0;
     confidence@0;
     belong@0;
     pray@0;
     attend@0;
     rel_b*0.82721;



     Beginning Time:  16:58:11
        Ending Time:  17:11:40
       Elapsed Time:  00:13:29



MUTHEN & MUTHEN
3463 Stoner Ave.
Los Angeles, CA  90066

Tel: (310) 391-9971
Fax: (310) 391-8971
Web: www.StatModel.com
Support: Support@StatModel.com

Copyright (c) 1998-2019 Muthen & Muthen
