Mplus VERSION 8.4 (Mac)
MUTHEN & MUTHEN
05/04/2023  11:32 AM

INPUT INSTRUCTIONS

  TITLE: MLR dat3;

  DATA:
  FILE = "../../../mlsem_dat3.dat";

  VARIABLE:
  NAMES = country imprel confidence belong attend pray person year code survey RCABR
       RCASIAN RCOTHER COMMALL TAX RRI RLI ZAFRICA ZLA ZINDIC ZSINIC ZNWEST ZISLAM
       ZORT ZOLDWEST ZREFWEST ZRETWEST;
  USEVARIABLES = country imprel person confidence pray attend belong;
  MISSING = .;

  CLUSTER = country;
  CATEGORICAL = imprel person confidence belong;

  ANALYSIS:
  ESTIMATOR = MLR;
  TYPE = TWOLEVEL;
  LINK = PROBIT;

  MODEL:
       %WITHIN%

       rel_w BY imprel@1;
       rel_w BY person*1.14059;
       rel_w BY confidence*0.65253;
       rel_w BY pray*0.93157;
       rel_w BY attend*1.17924;
       rel_w BY belong*0.86086;

       pray*0.99040;
       attend*1.94975;
       rel_w*1.19813;

       %BETWEEN%

       rel_b BY imprel@1;
       rel_b BY person*0.80493;
       rel_b BY confidence*0.56533;
       rel_b BY pray*0.78982;
       rel_b BY attend*0.93201;
       rel_b BY belong*0.81190;

       [ pray*3.52024 ];
       [ attend*3.66276 ];

       [ imprel$1*-1.93409 ];
       [ imprel$2*-0.63707 ];
       [ imprel$3*0.63418 ];
       [ person$1*-0.66634 ];
       [ confidence$1*-1.48678 ];
       [ confidence$2*-0.32636 ];
       [ confidence$3*0.83540 ];
       [ belong$1*-1.02276 ];

       imprel@0;
       person@0;
       confidence@0;
       belong@0;
       pray@0;
       attend@0;
       rel_b*0.84428;

  OUTPUT:
  SVALUES;



*** WARNING in VARIABLE command
  Note that only the first 8 characters of variable names are used in the output.
  Shorten variable names to avoid any confusion.
   1 WARNING(S) FOUND IN THE INPUT INSTRUCTIONS



MLR dat3;

SUMMARY OF ANALYSIS

Number of groups                                                 1
Number of observations                                       77018

Number of dependent variables                                    6
Number of independent variables                                  0
Number of continuous latent variables                            2

Observed dependent variables

  Continuous
   PRAY        ATTEND

  Binary and ordered categorical (ordinal)
   IMPREL      PERSON      CONFIDEN    BELONG

Continuous latent variables
   REL_W       REL_B

Variables with special functions

  Cluster variable      COUNTRY

Estimator                                                      MLR
Information matrix                                        OBSERVED
Optimization Specifications for the Quasi-Newton Algorithm for
Continuous Outcomes
  Maximum number of iterations                                 100
  Convergence criterion                                  0.100D-05
Optimization Specifications for the EM Algorithm
  Maximum number of iterations                                 500
  Convergence criteria
    Loglikelihood change                                 0.100D-02
    Relative loglikelihood change                        0.100D-05
    Derivative                                           0.100D-02
Optimization Specifications for the M step of the EM Algorithm for
Categorical Latent variables
  Number of M step iterations                                    1
  M step convergence criterion                           0.100D-02
  Basis for M step termination                           ITERATION
Optimization Specifications for the M step of the EM Algorithm for
Censored, Binary or Ordered Categorical (Ordinal), Unordered
Categorical (Nominal) and Count Outcomes
  Number of M step iterations                                    1
  M step convergence criterion                           0.100D-02
  Basis for M step termination                           ITERATION
  Maximum value for logit thresholds                            10
  Minimum value for logit thresholds                           -10
  Minimum expected cell size for chi-square              0.100D-01
Maximum number of iterations for H1                           2000
Convergence criterion for H1                             0.100D-03
Optimization algorithm                                         EMA
Integration Specifications
  Type                                                    STANDARD
  Number of integration points                                  15
  Dimensions of numerical integration                            2
  Adaptive quadrature                                           ON
Link                                                        PROBIT
Cholesky                                                        ON

Input data file(s)
  ../../../mlsem_dat3.dat
Input data format  FREE


SUMMARY OF DATA

     Number of missing data patterns             1
     Number of y missing data patterns           1
     Number of u missing data patterns           1
     Number of clusters                         50



COVARIANCE COVERAGE OF DATA

Minimum covariance coverage value   0.100


     PROPORTION OF DATA PRESENT FOR Y


           Covariance Coverage
              PRAY          ATTEND
              ________      ________
 PRAY           1.000
 ATTEND         1.000         1.000


UNIVARIATE PROPORTIONS AND COUNTS FOR CATEGORICAL VARIABLES

    IMPREL
      Category 1    0.158        12144.000
      Category 2    0.212        16336.000
      Category 3    0.274        21135.000
      Category 4    0.356        27403.000
    PERSON
      Category 1    0.362        27899.000
      Category 2    0.638        49119.000
    CONFIDEN
      Category 1    0.144        11111.000
      Category 2    0.275        21149.000
      Category 3    0.324        24971.000
      Category 4    0.257        19787.000
    BELONG
      Category 1    0.274        21078.000
      Category 2    0.726        55940.000



UNIVARIATE SAMPLE STATISTICS


     UNIVARIATE HIGHER-ORDER MOMENT DESCRIPTIVE STATISTICS

         Variable/         Mean/     Skewness/   Minimum/ % with                Percentiles
        Sample Size      Variance    Kurtosis    Maximum  Min/Max      20%/60%    40%/80%    Median

     PRAY                  3.440      -0.478       1.000   21.16%       1.000      3.000      4.000
           77018.000       2.540      -1.395       5.000   38.82%       4.000      5.000
     ATTEND                3.568       0.106       1.000   26.89%       1.000      3.000      4.000
           77018.000       4.324      -1.398       7.000    7.93%       4.000      6.000


THE MODEL ESTIMATION TERMINATED NORMALLY



MODEL FIT INFORMATION

Number of Free Parameters                       24

Loglikelihood

          H0 Value                     -513177.843
          H0 Scaling Correction Factor    115.2025
            for MLR

Information Criteria

          Akaike (AIC)                 1026403.687
          Bayesian (BIC)               1026625.730
          Sample-Size Adjusted BIC     1026549.457
            (n* = (n + 2) / 24)



MODEL RESULTS

                                                    Two-Tailed
                    Estimate       S.E.  Est./S.E.    P-Value

Within Level

 REL_W    BY
    IMPREL             1.000      0.000    999.000    999.000
    PERSON             1.155      0.081     14.219      0.000
    CONFIDENCE         0.651      0.044     14.726      0.000
    PRAY               0.945      0.065     14.542      0.000
    ATTEND             1.206      0.107     11.237      0.000
    BELONG             0.877      0.093      9.376      0.000

 Variances
    REL_W              1.148      0.202      5.694      0.000

 Residual Variances
    PRAY               0.988      0.044     22.443      0.000
    ATTEND             1.943      0.107     18.179      0.000

Between Level

 REL_B    BY
    IMPREL             1.000      0.000    999.000    999.000
    PERSON             0.811      0.089      9.103      0.000
    CONFIDENCE         0.584      0.118      4.960      0.000
    PRAY               0.797      0.080      9.930      0.000
    ATTEND             0.927      0.128      7.267      0.000
    BELONG             0.808      0.165      4.901      0.000

 Intercepts
    PRAY               3.446      0.105     32.954      0.000
    ATTEND             3.575      0.129     27.739      0.000

 Thresholds
    IMPREL$1          -1.829      0.104    -17.640      0.000
    IMPREL$2          -0.541      0.124     -4.378      0.000
    IMPREL$3           0.724      0.146      4.962      0.000
    PERSON$1          -0.590      0.117     -5.041      0.000
    CONFIDEN$1        -1.433      0.079    -18.216      0.000
    CONFIDEN$2        -0.274      0.087     -3.134      0.002
    CONFIDEN$3         0.888      0.119      7.437      0.000
    BELONG$1          -0.946      0.139     -6.825      0.000

 Variances
    REL_B              0.798      0.120      6.663      0.000

 Residual Variances
    IMPREL             0.000      0.000    999.000    999.000
    PERSON             0.000      0.000    999.000    999.000
    CONFIDENCE         0.000      0.000    999.000    999.000
    BELONG             0.000      0.000    999.000    999.000
    PRAY               0.000      0.000    999.000    999.000
    ATTEND             0.000      0.000    999.000    999.000


RESULTS IN PROBABILITY SCALE

                    Estimate

Within Level


Between Level

 IMPREL
    Category 1         0.143
    Category 2         0.233
    Category 3         0.287
    Category 4         0.337
 PERSON
    Category 1         0.368
    Category 2         0.632
 CONFIDEN
    Category 1         0.140
    Category 2         0.278
    Category 3         0.330
    Category 4         0.251
 BELONG
    Category 1         0.271
    Category 2         0.729


QUALITY OF NUMERICAL RESULTS

     Condition Number for the Information Matrix              0.299E-07
       (ratio of smallest to largest eigenvalue)


MODEL COMMAND WITH FINAL ESTIMATES USED AS STARTING VALUES

     %WITHIN%

     rel_w BY imprel@1;
     rel_w BY person*1.15540;
     rel_w BY confidence*0.65122;
     rel_w BY pray*0.94516;
     rel_w BY attend*1.20576;
     rel_w BY belong*0.87664;

     pray*0.98775;
     attend*1.94281;
     rel_w*1.14827;

     %BETWEEN%

     rel_b BY imprel@1;
     rel_b BY person*0.81093;
     rel_b BY confidence*0.58417;
     rel_b BY pray*0.79652;
     rel_b BY attend*0.92664;
     rel_b BY belong*0.80793;

     [ pray*3.44558 ];
     [ attend*3.57456 ];

     [ imprel$1*-1.82901 ];
     [ imprel$2*-0.54080 ];
     [ imprel$3*0.72404 ];
     [ person$1*-0.58988 ];
     [ confidence$1*-1.43269 ];
     [ confidence$2*-0.27385 ];
     [ confidence$3*0.88841 ];
     [ belong$1*-0.94589 ];

     imprel@0;
     person@0;
     confidence@0;
     belong@0;
     pray@0;
     attend@0;
     rel_b*0.79808;



     Beginning Time:  11:32:04
        Ending Time:  11:48:39
       Elapsed Time:  00:16:35



MUTHEN & MUTHEN
3463 Stoner Ave.
Los Angeles, CA  90066

Tel: (310) 391-9971
Fax: (310) 391-8971
Web: www.StatModel.com
Support: Support@StatModel.com

Copyright (c) 1998-2019 Muthen & Muthen
